* using log directory '/Users/jamie/survival/..Rcheck'
* using R version 4.4.0 (2024-04-24)
* using platform: aarch64-apple-darwin20
* R was compiled by
    Apple clang version 14.0.0 (clang-1400.0.29.202)
    GNU Fortran (GCC) 12.2.0
* running under: macOS 15.6
* using session charset: ASCII
* using option '--no-manual'
* checking for file './DESCRIPTION' ... OK
* this is package 'bayessurvival' version '0.1.0.9000'
* package encoding: UTF-8
* checking package namespace information ... OK
* checking package dependencies ... NOTE
Packages suggested but not available for checking:
  'writexl', 'covr', 'DT', 'flexsurv'
* checking if this is a source package ... WARNING
Subdirectory 'bayessurvival/src' contains apparent object files/libraries
  /Users/jamie/survival/src/LDDPdensity.o
  /Users/jamie/survival/src/LDDPsurvival.o
  /Users/jamie/survival/src/ToolsBDP.o
  /Users/jamie/survival/src/ToolsCDF.o
  /Users/jamie/survival/src/ToolsCdflib.o
  /Users/jamie/survival/src/ToolsDDP.o
  /Users/jamie/survival/src/ToolsDP.o
  /Users/jamie/survival/src/ToolsDistributions.o
  /Users/jamie/survival/src/ToolsHPDreg.o
  /Users/jamie/survival/src/ToolsIntegrate.o
  /Users/jamie/survival/src/ToolsLDTFP.o
  /Users/jamie/survival/src/ToolsMatrix.o
  /Users/jamie/survival/src/ToolsPolynomials.o
  /Users/jamie/survival/src/ToolsRandlib.o
  /Users/jamie/survival/src/ToolsRfun.o
  /Users/jamie/survival/src/ToolsRnumbers.o
  /Users/jamie/survival/src/ToolsSlice.o
  /Users/jamie/survival/src/ToolsSparseMatrix.o
  /Users/jamie/survival/src/ToolsStat.o
  /Users/jamie/survival/src/ToolsSweep.o
  /Users/jamie/survival/src/bayessurvival.so
Object files/libraries should not be included in a source package.
* checking if there is a namespace ... OK
* checking for executable files ... OK
* checking for hidden files and directories ... NOTE
Found the following hidden files and directories:
  .gitignore
  ..Rcheck
  .Rproj.user
  .git
  .github
These were most likely included in error. See section 'Package
structure' in the 'Writing R Extensions' manual.
* checking for portable file names ... OK
* checking for sufficient/correct file permissions ... OK
* checking whether package 'bayessurvival' can be installed ... OK
* used C compiler: 'Apple clang version 17.0.0 (clang-1700.0.13.5)'
* used Fortran compiler: 'GNU Fortran (Homebrew GCC 15.1.0) 15.1.0'
* used SDK: ''
* checking installed package size ... OK
* checking package directory ... OK
* checking DESCRIPTION meta-information ... NOTE
Checking should be performed on sources prepared by 'R CMD build'.
* checking top-level files ... OK
* checking for left-over files ... OK
* checking index information ... OK
* checking package subdirectories ... WARNING
Found the following directory with the name of a check directory:
  ./..Rcheck
Most likely, these were included erroneously.
Problems with news in 'NEWS.md':
No news entries found.
* checking code files for non-ASCII characters ... OK
* checking R files for syntax errors ... OK
* checking whether the package can be loaded ... OK
* checking whether the package can be loaded with stated dependencies ... OK
* checking whether the package can be unloaded cleanly ... OK
* checking whether the namespace can be loaded with stated dependencies ... OK
* checking whether the namespace can be unloaded cleanly ... OK
* checking dependencies in R code ... OK
* checking S3 generic/method consistency ... OK
* checking replacement functions ... OK
* checking foreign function calls ... OK
* checking R code for possible problems ... OK
* checking Rd files ... OK
* checking Rd metadata ... OK
* checking Rd cross-references ... OK
* checking for missing documentation entries ... OK
* checking for code/documentation mismatches ... OK
* checking Rd \usage sections ... OK
* checking Rd contents ... OK
* checking for unstated dependencies in examples ... OK
* checking LazyData ... NOTE
  'LazyData' is specified without a 'data' directory
* checking line endings in C/C++/Fortran sources/headers ... NOTE
Found the following sources/headers not terminated with a newline:
  src/ToolsHPDreg.f
  src/ToolsRfun.c
Some compilers warn on such files.
* checking line endings in Makefiles ... OK
* checking compilation flags in Makevars ... OK
* checking for GNU extensions in Makefiles ... OK
* checking for portable use of $(BLAS_LIBS) and $(LAPACK_LIBS) ... OK
* checking use of PKG_*FLAGS in Makefiles ... OK
* checking compiled code ... NOTE
File 'bayessurvival/libs/bayessurvival.so':
  Found '__gfortran_st_close', possibly from 'close' (Fortran)
    Objects: 'LDDPsurvival.o', 'LDDPdensity.o', 'ToolsHPDreg.o',
      'ToolsLDTFP.o'
  Found '__gfortran_st_open', possibly from 'open' (Fortran)
    Objects: 'LDDPsurvival.o', 'LDDPdensity.o', 'ToolsHPDreg.o',
      'ToolsLDTFP.o'
  Found '__gfortran_st_read', possibly from 'read' (Fortran)
    Objects: 'LDDPsurvival.o', 'LDDPdensity.o', 'ToolsHPDreg.o',
      'ToolsLDTFP.o'
  Found '__gfortran_st_rewind', possibly from 'rewind' (Fortran)
    Objects: 'LDDPsurvival.o', 'LDDPdensity.o', 'ToolsHPDreg.o',
      'ToolsLDTFP.o'
  Found '__gfortran_st_write', possibly from 'write' (Fortran), 'print'
    (Fortran)
    Objects: 'LDDPsurvival.o', 'LDDPdensity.o'

Compiled code should not call entry points which might terminate R nor
write to stdout/stderr instead of to the console, nor use Fortran I/O
nor system RNGs nor [v]sprintf.

See 'Writing portable packages' in the 'Writing R Extensions' manual.
* checking usage of KIND in Fortran files ... OK
* checking examples ... OK
* checking for unstated dependencies in 'tests' ... OK
* checking tests ... OK
  Running 'testthat.R'
* DONE
Status: 2 WARNINGs, 6 NOTEs
